[
  {
    "level": "INFO",
    "message": "android.ndkVersion from module build.gradle is 25.2.9519653"
  },
  {
    "level": "INFO",
    "message": "ndk.dir in local.properties is not set"
  },
  {
    "level": "INFO",
    "message": "ANDROID_NDK_HOME environment variable is not set"
  },
  {
    "level": "INFO",
    "message": "sdkFolder is C:\\Users\\yuzho\\AppData\\Local\\Android\\Sdk"
  },
  {
    "level": "INFO",
    "message": "NDK side-by-side folder from sdkFolder C:\\Users\\yuzho\\AppData\\Local\\Android\\Sdk\\ndk does not exist"
  },
  {
    "level": "INFO",
    "message": "Considering C:\\Users\\yuzho\\AppData\\Local\\Android\\Sdk\\ndk-bundle in SDK ndk-bundle folder"
  },
  {
    "level": "INFO",
    "message": "Rejected C:\\Users\\yuzho\\AppData\\Local\\Android\\Sdk\\ndk-bundle in SDK ndk-bundle folder because that location has no source.properties"
  },
  {
    "level": "WARN",
    "message": "Compatible side by side NDK version was not found for android.ndkVersion \u002725.2.9519653\u0027"
  }
]